<?xml version="1.0" encoding="UTF-8"?>
<!-- Generated by org.testng.reporters.JUnitReportReporter -->
<testsuite hostname="INENPANDES15L1C" name="webelement.WebelementFunctionRunner" tests="1" failures="0" timestamp="16 Nov 2019 07:28:39 GMT" time="9.071" errors="0">
  <testcase name="feature" time="9.071" classname="webelement.WebelementFunctionRunner"/>
</testsuite> <!-- webelement.WebelementFunctionRunner -->
