<?xml version="1.0" encoding="UTF-8"?>
<!-- Generated by org.testng.reporters.JUnitReportReporter -->
<testsuite hostname="INENPANDES15L1C" name="Alerts.BootstrapRunner" tests="1" failures="0" timestamp="16 Nov 2019 07:04:29 GMT" time="8.283" errors="0">
  <testcase name="feature" time="8.283" classname="Alerts.BootstrapRunner"/>
</testsuite> <!-- Alerts.BootstrapRunner -->
