<?xml version="1.0" encoding="UTF-8"?>
<!-- Generated by org.testng.reporters.JUnitReportReporter -->
<testsuite hostname="INENPANDES15L1C" name="action.CompositeActionsRunner" tests="1" failures="0" timestamp="16 Nov 2019 06:56:28 GMT" time="11.149" errors="0">
  <testcase name="feature" time="11.149" classname="action.CompositeActionsRunner"/>
</testsuite> <!-- action.CompositeActionsRunner -->
