<?xml version="1.0" encoding="UTF-8"?>
<!-- Generated by org.testng.reporters.JUnitReportReporter -->
<testsuite hostname="INENPANDES15L1C" name="action.CompositeActionsRunner" tests="1" failures="0" timestamp="16 Nov 2019 13:17:41 GMT" time="11.140" errors="0">
  <testcase name="feature" time="11.140" classname="action.CompositeActionsRunner"/>
</testsuite> <!-- action.CompositeActionsRunner -->
