<?xml version="1.0" encoding="UTF-8"?>
<!-- Generated by org.testng.reporters.JUnitReportReporter -->
<testsuite hostname="INENPANDES15L1C" name="iFrame.iFrameRunner" tests="1" failures="0" timestamp="16 Nov 2019 07:25:27 GMT" time="13.232" errors="0">
  <testcase name="feature" time="13.232" classname="iFrame.iFrameRunner"/>
</testsuite> <!-- iFrame.iFrameRunner -->
