<?xml version="1.0" encoding="UTF-8"?>
<!-- Generated by org.testng.reporters.JUnitReportReporter -->
<testsuite hostname="INENPANDES15L1C" name="Alerts.AletrsRunner" tests="1" failures="0" timestamp="16 Nov 2019 06:58:20 GMT" time="21.262" errors="0">
  <testcase name="feature" time="21.262" classname="Alerts.AletrsRunner"/>
</testsuite> <!-- Alerts.AletrsRunner -->
